============================================================================================== 
Warning! Mixing Conda and module environments may lead to corruption of the
user environment. 
We do not recommend users mixing those two environments unless absolutely
necessary. Note that 
SURF does not provide any support for Conda environment.
For more information, please refer to our software policy page:
https://servicedesk.surf.nl/wiki/display/WIKI/Software+policy+Snellius#SoftwarepolicySnellius-UseofAnacondaandMinicondaenvironmentsonSnellius 

Remember that many packages have already been installed on the system and can
be loaded using 
the 'module load <package__name>' command. If you are uncertain if a package is
already available 
on the system, please use 'module avail' or 'module spider' to search for it.
============================================================================================== 
[I 2026-06-08 19:19:34,260] A new study created in RDB with name: pna_aml_search
/gpfs/home6/ghonkoop/repos/PNA/train.py:428: FutureWarning: You are using `torch.load` with `weights_only=False` (the current default value), which uses the default pickle module implicitly. It is possible to construct malicious pickle data which will execute arbitrary code during unpickling (See https://github.com/pytorch/pytorch/blob/main/SECURITY.md#untrusted-models for more details). In a future release, the default value for `weights_only` will be flipped to `True`. This limits the functions that could be executed during unpickling. Arbitrary objects will no longer be allowed to be loaded via this mode unless they are explicitly allowlisted by the user via `torch.serialization.add_safe_globals`. We recommend you start setting `weights_only=True` for any use case where you don't have full control of the loaded file. Please open an issue on GitHub for any issues related to this experimental feature.
  ckpt = torch.load(checkpoint_path, map_location=device)
[I 2026-06-08 19:25:28,942] Trial 0 finished with value: 0.5606728267225023 and parameters: {'model.dropout': 0.37802658836206393, 'optim.base_lr': 0.00024359974990263852, 'optim.weight_decay': 0.0004471586072621372, 'train.pos_weight': 15.67656231509872}. Best is trial 0 with value: 0.5606728267225023.
/gpfs/home6/ghonkoop/repos/PNA/train.py:428: FutureWarning: You are using `torch.load` with `weights_only=False` (the current default value), which uses the default pickle module implicitly. It is possible to construct malicious pickle data which will execute arbitrary code during unpickling (See https://github.com/pytorch/pytorch/blob/main/SECURITY.md#untrusted-models for more details). In a future release, the default value for `weights_only` will be flipped to `True`. This limits the functions that could be executed during unpickling. Arbitrary objects will no longer be allowed to be loaded via this mode unless they are explicitly allowlisted by the user via `torch.serialization.add_safe_globals`. We recommend you start setting `weights_only=True` for any use case where you don't have full control of the loaded file. Please open an issue on GitHub for any issues related to this experimental feature.
  ckpt = torch.load(checkpoint_path, map_location=device)
[I 2026-06-08 19:29:49,625] Trial 1 finished with value: 0.5516334900801672 and parameters: {'model.dropout': 0.4708937958071804, 'optim.base_lr': 0.00016066785100993402, 'optim.weight_decay': 1.0551939826097301e-05, 'train.pos_weight': 13.567226354461551}. Best is trial 0 with value: 0.5606728267225023.
/gpfs/home6/ghonkoop/repos/PNA/train.py:428: FutureWarning: You are using `torch.load` with `weights_only=False` (the current default value), which uses the default pickle module implicitly. It is possible to construct malicious pickle data which will execute arbitrary code during unpickling (See https://github.com/pytorch/pytorch/blob/main/SECURITY.md#untrusted-models for more details). In a future release, the default value for `weights_only` will be flipped to `True`. This limits the functions that could be executed during unpickling. Arbitrary objects will no longer be allowed to be loaded via this mode unless they are explicitly allowlisted by the user via `torch.serialization.add_safe_globals`. We recommend you start setting `weights_only=True` for any use case where you don't have full control of the loaded file. Please open an issue on GitHub for any issues related to this experimental feature.
  ckpt = torch.load(checkpoint_path, map_location=device)
[I 2026-06-08 19:34:10,722] Trial 2 finished with value: 0.5690209958835448 and parameters: {'model.dropout': 0.15578784500607218, 'optim.base_lr': 0.000549727239067531, 'optim.weight_decay': 0.00022591245795336676, 'train.pos_weight': 1.0151191688851107}. Best is trial 2 with value: 0.5690209958835448.
/gpfs/home6/ghonkoop/repos/PNA/train.py:428: FutureWarning: You are using `torch.load` with `weights_only=False` (the current default value), which uses the default pickle module implicitly. It is possible to construct malicious pickle data which will execute arbitrary code during unpickling (See https://github.com/pytorch/pytorch/blob/main/SECURITY.md#untrusted-models for more details). In a future release, the default value for `weights_only` will be flipped to `True`. This limits the functions that could be executed during unpickling. Arbitrary objects will no longer be allowed to be loaded via this mode unless they are explicitly allowlisted by the user via `torch.serialization.add_safe_globals`. We recommend you start setting `weights_only=True` for any use case where you don't have full control of the loaded file. Please open an issue on GitHub for any issues related to this experimental feature.
  ckpt = torch.load(checkpoint_path, map_location=device)
[I 2026-06-08 19:38:53,381] Trial 3 finished with value: 0.5486298169825106 and parameters: {'model.dropout': 0.10364429414484247, 'optim.base_lr': 0.0011719506020811054, 'optim.weight_decay': 2.0829863330630052e-05, 'train.pos_weight': 18.360124003865334}. Best is trial 2 with value: 0.5690209958835448.
/gpfs/home6/ghonkoop/repos/PNA/train.py:428: FutureWarning: You are using `torch.load` with `weights_only=False` (the current default value), which uses the default pickle module implicitly. It is possible to construct malicious pickle data which will execute arbitrary code during unpickling (See https://github.com/pytorch/pytorch/blob/main/SECURITY.md#untrusted-models for more details). In a future release, the default value for `weights_only` will be flipped to `True`. This limits the functions that could be executed during unpickling. Arbitrary objects will no longer be allowed to be loaded via this mode unless they are explicitly allowlisted by the user via `torch.serialization.add_safe_globals`. We recommend you start setting `weights_only=True` for any use case where you don't have full control of the loaded file. Please open an issue on GitHub for any issues related to this experimental feature.
  ckpt = torch.load(checkpoint_path, map_location=device)
[I 2026-06-08 19:43:36,150] Trial 4 finished with value: 0.5515052069560388 and parameters: {'model.dropout': 0.11464974781608582, 'optim.base_lr': 0.0023060986640514695, 'optim.weight_decay': 1.2085066321650602e-05, 'train.pos_weight': 1.9015306841030761}. Best is trial 2 with value: 0.5690209958835448.
/gpfs/home6/ghonkoop/repos/PNA/train.py:428: FutureWarning: You are using `torch.load` with `weights_only=False` (the current default value), which uses the default pickle module implicitly. It is possible to construct malicious pickle data which will execute arbitrary code during unpickling (See https://github.com/pytorch/pytorch/blob/main/SECURITY.md#untrusted-models for more details). In a future release, the default value for `weights_only` will be flipped to `True`. This limits the functions that could be executed during unpickling. Arbitrary objects will no longer be allowed to be loaded via this mode unless they are explicitly allowlisted by the user via `torch.serialization.add_safe_globals`. We recommend you start setting `weights_only=True` for any use case where you don't have full control of the loaded file. Please open an issue on GitHub for any issues related to this experimental feature.
  ckpt = torch.load(checkpoint_path, map_location=device)
[I 2026-06-08 19:47:48,479] Trial 5 finished with value: 0.5467946678899802 and parameters: {'model.dropout': 0.375862831269381, 'optim.base_lr': 0.001753246765129957, 'optim.weight_decay': 0.00011931178204386978, 'train.pos_weight': 18.038527684333225}. Best is trial 2 with value: 0.5690209958835448.
/gpfs/home6/ghonkoop/repos/PNA/train.py:428: FutureWarning: You are using `torch.load` with `weights_only=False` (the current default value), which uses the default pickle module implicitly. It is possible to construct malicious pickle data which will execute arbitrary code during unpickling (See https://github.com/pytorch/pytorch/blob/main/SECURITY.md#untrusted-models for more details). In a future release, the default value for `weights_only` will be flipped to `True`. This limits the functions that could be executed during unpickling. Arbitrary objects will no longer be allowed to be loaded via this mode unless they are explicitly allowlisted by the user via `torch.serialization.add_safe_globals`. We recommend you start setting `weights_only=True` for any use case where you don't have full control of the loaded file. Please open an issue on GitHub for any issues related to this experimental feature.
  ckpt = torch.load(checkpoint_path, map_location=device)
[I 2026-06-08 19:52:10,613] Trial 6 finished with value: 0.5423073005118142 and parameters: {'model.dropout': 0.37721184222934134, 'optim.base_lr': 0.0009694819314300514, 'optim.weight_decay': 2.1936009297762482e-05, 'train.pos_weight': 15.596810410821254}. Best is trial 2 with value: 0.5690209958835448.
/gpfs/home6/ghonkoop/repos/PNA/train.py:428: FutureWarning: You are using `torch.load` with `weights_only=False` (the current default value), which uses the default pickle module implicitly. It is possible to construct malicious pickle data which will execute arbitrary code during unpickling (See https://github.com/pytorch/pytorch/blob/main/SECURITY.md#untrusted-models for more details). In a future release, the default value for `weights_only` will be flipped to `True`. This limits the functions that could be executed during unpickling. Arbitrary objects will no longer be allowed to be loaded via this mode unless they are explicitly allowlisted by the user via `torch.serialization.add_safe_globals`. We recommend you start setting `weights_only=True` for any use case where you don't have full control of the loaded file. Please open an issue on GitHub for any issues related to this experimental feature.
  ckpt = torch.load(checkpoint_path, map_location=device)
[I 2026-06-08 19:56:31,850] Trial 7 finished with value: 0.5675530071325785 and parameters: {'model.dropout': 0.193615361532892, 'optim.base_lr': 0.00036135915574759734, 'optim.weight_decay': 8.60402683970058e-05, 'train.pos_weight': 1.1612945238004335}. Best is trial 2 with value: 0.5690209958835448.
/gpfs/home6/ghonkoop/repos/PNA/train.py:428: FutureWarning: You are using `torch.load` with `weights_only=False` (the current default value), which uses the default pickle module implicitly. It is possible to construct malicious pickle data which will execute arbitrary code during unpickling (See https://github.com/pytorch/pytorch/blob/main/SECURITY.md#untrusted-models for more details). In a future release, the default value for `weights_only` will be flipped to `True`. This limits the functions that could be executed during unpickling. Arbitrary objects will no longer be allowed to be loaded via this mode unless they are explicitly allowlisted by the user via `torch.serialization.add_safe_globals`. We recommend you start setting `weights_only=True` for any use case where you don't have full control of the loaded file. Please open an issue on GitHub for any issues related to this experimental feature.
  ckpt = torch.load(checkpoint_path, map_location=device)
[I 2026-06-08 20:01:57,818] Trial 8 finished with value: 0.5503577023177152 and parameters: {'model.dropout': 0.3420205860716955, 'optim.base_lr': 0.0028342283004575766, 'optim.weight_decay': 0.00042566170319146434, 'train.pos_weight': 7.06086708866272}. Best is trial 2 with value: 0.5690209958835448.
/gpfs/home6/ghonkoop/repos/PNA/train.py:428: FutureWarning: You are using `torch.load` with `weights_only=False` (the current default value), which uses the default pickle module implicitly. It is possible to construct malicious pickle data which will execute arbitrary code during unpickling (See https://github.com/pytorch/pytorch/blob/main/SECURITY.md#untrusted-models for more details). In a future release, the default value for `weights_only` will be flipped to `True`. This limits the functions that could be executed during unpickling. Arbitrary objects will no longer be allowed to be loaded via this mode unless they are explicitly allowlisted by the user via `torch.serialization.add_safe_globals`. We recommend you start setting `weights_only=True` for any use case where you don't have full control of the loaded file. Please open an issue on GitHub for any issues related to this experimental feature.
  ckpt = torch.load(checkpoint_path, map_location=device)
[I 2026-06-08 20:06:10,939] Trial 9 finished with value: 0.5592206619627045 and parameters: {'model.dropout': 0.20775056634139122, 'optim.base_lr': 0.0018085531217711989, 'optim.weight_decay': 0.00010723272880061497, 'train.pos_weight': 11.988560613094094}. Best is trial 2 with value: 0.5690209958835448.
/gpfs/home6/ghonkoop/repos/PNA/train.py:428: FutureWarning: You are using `torch.load` with `weights_only=False` (the current default value), which uses the default pickle module implicitly. It is possible to construct malicious pickle data which will execute arbitrary code during unpickling (See https://github.com/pytorch/pytorch/blob/main/SECURITY.md#untrusted-models for more details). In a future release, the default value for `weights_only` will be flipped to `True`. This limits the functions that could be executed during unpickling. Arbitrary objects will no longer be allowed to be loaded via this mode unless they are explicitly allowlisted by the user via `torch.serialization.add_safe_globals`. We recommend you start setting `weights_only=True` for any use case where you don't have full control of the loaded file. Please open an issue on GitHub for any issues related to this experimental feature.
  ckpt = torch.load(checkpoint_path, map_location=device)
[I 2026-06-08 20:12:44,276] Trial 10 finished with value: 0.5866593964249943 and parameters: {'model.dropout': 0.23720796626675114, 'optim.base_lr': 0.000620105913655394, 'optim.weight_decay': 0.00022498630532295148, 'train.pos_weight': 2.949425689186342}. Best is trial 10 with value: 0.5866593964249943.
/gpfs/home6/ghonkoop/repos/PNA/train.py:428: FutureWarning: You are using `torch.load` with `weights_only=False` (the current default value), which uses the default pickle module implicitly. It is possible to construct malicious pickle data which will execute arbitrary code during unpickling (See https://github.com/pytorch/pytorch/blob/main/SECURITY.md#untrusted-models for more details). In a future release, the default value for `weights_only` will be flipped to `True`. This limits the functions that could be executed during unpickling. Arbitrary objects will no longer be allowed to be loaded via this mode unless they are explicitly allowlisted by the user via `torch.serialization.add_safe_globals`. We recommend you start setting `weights_only=True` for any use case where you don't have full control of the loaded file. Please open an issue on GitHub for any issues related to this experimental feature.
  ckpt = torch.load(checkpoint_path, map_location=device)
[I 2026-06-08 20:16:22,068] Trial 11 finished with value: 0.5696544875324348 and parameters: {'model.dropout': 0.22219831117871378, 'optim.base_lr': 0.000554195742009992, 'optim.weight_decay': 0.00023259251778522667, 'train.pos_weight': 2.866806798592108}. Best is trial 10 with value: 0.5866593964249943.
/gpfs/home6/ghonkoop/repos/PNA/train.py:428: FutureWarning: You are using `torch.load` with `weights_only=False` (the current default value), which uses the default pickle module implicitly. It is possible to construct malicious pickle data which will execute arbitrary code during unpickling (See https://github.com/pytorch/pytorch/blob/main/SECURITY.md#untrusted-models for more details). In a future release, the default value for `weights_only` will be flipped to `True`. This limits the functions that could be executed during unpickling. Arbitrary objects will no longer be allowed to be loaded via this mode unless they are explicitly allowlisted by the user via `torch.serialization.add_safe_globals`. We recommend you start setting `weights_only=True` for any use case where you don't have full control of the loaded file. Please open an issue on GitHub for any issues related to this experimental feature.
  ckpt = torch.load(checkpoint_path, map_location=device)
[I 2026-06-08 20:20:36,179] Trial 12 finished with value: 0.5748417644462642 and parameters: {'model.dropout': 0.25094324632883597, 'optim.base_lr': 0.0006341494572128686, 'optim.weight_decay': 0.0006567139613620032, 'train.pos_weight': 3.248084091215338}. Best is trial 10 with value: 0.5866593964249943.
/gpfs/home6/ghonkoop/repos/PNA/train.py:428: FutureWarning: You are using `torch.load` with `weights_only=False` (the current default value), which uses the default pickle module implicitly. It is possible to construct malicious pickle data which will execute arbitrary code during unpickling (See https://github.com/pytorch/pytorch/blob/main/SECURITY.md#untrusted-models for more details). In a future release, the default value for `weights_only` will be flipped to `True`. This limits the functions that could be executed during unpickling. Arbitrary objects will no longer be allowed to be loaded via this mode unless they are explicitly allowlisted by the user via `torch.serialization.add_safe_globals`. We recommend you start setting `weights_only=True` for any use case where you don't have full control of the loaded file. Please open an issue on GitHub for any issues related to this experimental feature.
  ckpt = torch.load(checkpoint_path, map_location=device)
[I 2026-06-08 20:25:28,539] Trial 13 finished with value: 0.5685795130629386 and parameters: {'model.dropout': 0.27786110383735885, 'optim.base_lr': 0.0008492481704210125, 'optim.weight_decay': 0.0009940905283591147, 'train.pos_weight': 3.908231912798396}. Best is trial 10 with value: 0.5866593964249943.
/gpfs/home6/ghonkoop/repos/PNA/train.py:428: FutureWarning: You are using `torch.load` with `weights_only=False` (the current default value), which uses the default pickle module implicitly. It is possible to construct malicious pickle data which will execute arbitrary code during unpickling (See https://github.com/pytorch/pytorch/blob/main/SECURITY.md#untrusted-models for more details). In a future release, the default value for `weights_only` will be flipped to `True`. This limits the functions that could be executed during unpickling. Arbitrary objects will no longer be allowed to be loaded via this mode unless they are explicitly allowlisted by the user via `torch.serialization.add_safe_globals`. We recommend you start setting `weights_only=True` for any use case where you don't have full control of the loaded file. Please open an issue on GitHub for any issues related to this experimental feature.
  ckpt = torch.load(checkpoint_path, map_location=device)
[I 2026-06-08 20:29:51,758] Trial 14 finished with value: 0.5711113713515812 and parameters: {'model.dropout': 0.27452443194472187, 'optim.base_lr': 0.0003000872642080232, 'optim.weight_decay': 0.0009738603369417771, 'train.pos_weight': 6.7099526032994925}. Best is trial 10 with value: 0.5866593964249943.
/gpfs/home6/ghonkoop/repos/PNA/train.py:428: FutureWarning: You are using `torch.load` with `weights_only=False` (the current default value), which uses the default pickle module implicitly. It is possible to construct malicious pickle data which will execute arbitrary code during unpickling (See https://github.com/pytorch/pytorch/blob/main/SECURITY.md#untrusted-models for more details). In a future release, the default value for `weights_only` will be flipped to `True`. This limits the functions that could be executed during unpickling. Arbitrary objects will no longer be allowed to be loaded via this mode unless they are explicitly allowlisted by the user via `torch.serialization.add_safe_globals`. We recommend you start setting `weights_only=True` for any use case where you don't have full control of the loaded file. Please open an issue on GitHub for any issues related to this experimental feature.
  ckpt = torch.load(checkpoint_path, map_location=device)
