[I 2026-06-08 20:00:53,770] Trial 15 finished with value: 0.4391310404706642 and parameters: {'model.dropout': 0.41748177558039534, 'optim.base_lr': 0.0003029697573469934, 'optim.weight_decay': 0.0006023541084728864, 'train.pos_weight': 6.078000131868892}. Best is trial 2 with value: 0.4436956807083184.
/gpfs/home6/ghonkoop/repos/PNA/train.py:428: FutureWarning: You are using `torch.load` with `weights_only=False` (the current default value), which uses the default pickle module implicitly. It is possible to construct malicious pickle data which will execute arbitrary code during unpickling (See https://github.com/pytorch/pytorch/blob/main/SECURITY.md#untrusted-models for more details). In a future release, the default value for `weights_only` will be flipped to `True`. This limits the functions that could be executed during unpickling. Arbitrary objects will no longer be allowed to be loaded via this mode unless they are explicitly allowlisted by the user via `torch.serialization.add_safe_globals`. We recommend you start setting `weights_only=True` for any use case where you don't have full control of the loaded file. Please open an issue on GitHub for any issues related to this experimental feature.
  ckpt = torch.load(checkpoint_path, map_location=device)
[I 2026-06-08 20:03:53,269] Trial 16 finished with value: 0.4365818773085954 and parameters: {'model.dropout': 0.35144873823580247, 'optim.base_lr': 0.0006605165578120412, 'optim.weight_decay': 7.331157773039398e-05, 'train.pos_weight': 18.226129206555047}. Best is trial 2 with value: 0.4436956807083184.
/gpfs/home6/ghonkoop/repos/PNA/train.py:428: FutureWarning: You are using `torch.load` with `weights_only=False` (the current default value), which uses the default pickle module implicitly. It is possible to construct malicious pickle data which will execute arbitrary code during unpickling (See https://github.com/pytorch/pytorch/blob/main/SECURITY.md#untrusted-models for more details). In a future release, the default value for `weights_only` will be flipped to `True`. This limits the functions that could be executed during unpickling. Arbitrary objects will no longer be allowed to be loaded via this mode unless they are explicitly allowlisted by the user via `torch.serialization.add_safe_globals`. We recommend you start setting `weights_only=True` for any use case where you don't have full control of the loaded file. Please open an issue on GitHub for any issues related to this experimental feature.
  ckpt = torch.load(checkpoint_path, map_location=device)
[I 2026-06-08 20:08:01,746] Trial 17 finished with value: 0.4409760121942243 and parameters: {'model.dropout': 0.4497790136501548, 'optim.base_lr': 0.0021424088183596268, 'optim.weight_decay': 0.00021411934130918247, 'train.pos_weight': 9.471842330416084}. Best is trial 2 with value: 0.4436956807083184.
/gpfs/home6/ghonkoop/repos/PNA/train.py:428: FutureWarning: You are using `torch.load` with `weights_only=False` (the current default value), which uses the default pickle module implicitly. It is possible to construct malicious pickle data which will execute arbitrary code during unpickling (See https://github.com/pytorch/pytorch/blob/main/SECURITY.md#untrusted-models for more details). In a future release, the default value for `weights_only` will be flipped to `True`. This limits the functions that could be executed during unpickling. Arbitrary objects will no longer be allowed to be loaded via this mode unless they are explicitly allowlisted by the user via `torch.serialization.add_safe_globals`. We recommend you start setting `weights_only=True` for any use case where you don't have full control of the loaded file. Please open an issue on GitHub for any issues related to this experimental feature.
  ckpt = torch.load(checkpoint_path, map_location=device)
[I 2026-06-08 20:10:31,537] Trial 18 finished with value: 0.4304172270129862 and parameters: {'model.dropout': 0.4198749713733141, 'optim.base_lr': 0.0027998718182049827, 'optim.weight_decay': 5.6936756884135945e-05, 'train.pos_weight': 8.670434084510726}. Best is trial 2 with value: 0.4436956807083184.
/gpfs/home6/ghonkoop/repos/PNA/train.py:428: FutureWarning: You are using `torch.load` with `weights_only=False` (the current default value), which uses the default pickle module implicitly. It is possible to construct malicious pickle data which will execute arbitrary code during unpickling (See https://github.com/pytorch/pytorch/blob/main/SECURITY.md#untrusted-models for more details). In a future release, the default value for `weights_only` will be flipped to `True`. This limits the functions that could be executed during unpickling. Arbitrary objects will no longer be allowed to be loaded via this mode unless they are explicitly allowlisted by the user via `torch.serialization.add_safe_globals`. We recommend you start setting `weights_only=True` for any use case where you don't have full control of the loaded file. Please open an issue on GitHub for any issues related to this experimental feature.
  ckpt = torch.load(checkpoint_path, map_location=device)
[I 2026-06-08 20:13:23,669] Trial 19 finished with value: 0.4366285145422094 and parameters: {'model.dropout': 0.3679595521986413, 'optim.base_lr': 0.0018628391248289903, 'optim.weight_decay': 0.0002039802930779274, 'train.pos_weight': 4.529297552727358}. Best is trial 2 with value: 0.4436956807083184.
/gpfs/home6/ghonkoop/repos/PNA/train.py:428: FutureWarning: You are using `torch.load` with `weights_only=False` (the current default value), which uses the default pickle module implicitly. It is possible to construct malicious pickle data which will execute arbitrary code during unpickling (See https://github.com/pytorch/pytorch/blob/main/SECURITY.md#untrusted-models for more details). In a future release, the default value for `weights_only` will be flipped to `True`. This limits the functions that could be executed during unpickling. Arbitrary objects will no longer be allowed to be loaded via this mode unless they are explicitly allowlisted by the user via `torch.serialization.add_safe_globals`. We recommend you start setting `weights_only=True` for any use case where you don't have full control of the loaded file. Please open an issue on GitHub for any issues related to this experimental feature.
  ckpt = torch.load(checkpoint_path, map_location=device)
[I 2026-06-08 20:16:30,694] Trial 20 finished with value: 0.43605610221517815 and parameters: {'model.dropout': 0.447807581762403, 'optim.base_lr': 0.0012601135251337225, 'optim.weight_decay': 0.00017429581674663624, 'train.pos_weight': 13.761690203474819}. Best is trial 2 with value: 0.4436956807083184.
/gpfs/home6/ghonkoop/repos/PNA/train.py:428: FutureWarning: You are using `torch.load` with `weights_only=False` (the current default value), which uses the default pickle module implicitly. It is possible to construct malicious pickle data which will execute arbitrary code during unpickling (See https://github.com/pytorch/pytorch/blob/main/SECURITY.md#untrusted-models for more details). In a future release, the default value for `weights_only` will be flipped to `True`. This limits the functions that could be executed during unpickling. Arbitrary objects will no longer be allowed to be loaded via this mode unless they are explicitly allowlisted by the user via `torch.serialization.add_safe_globals`. We recommend you start setting `weights_only=True` for any use case where you don't have full control of the loaded file. Please open an issue on GitHub for any issues related to this experimental feature.
  ckpt = torch.load(checkpoint_path, map_location=device)
[I 2026-06-08 20:19:28,877] Trial 21 finished with value: 0.4404640979176749 and parameters: {'model.dropout': 0.46240400057393416, 'optim.base_lr': 0.00042032805677476493, 'optim.weight_decay': 0.0003826782673059067, 'train.pos_weight': 10.926091281338955}. Best is trial 2 with value: 0.4436956807083184.
/gpfs/home6/ghonkoop/repos/PNA/train.py:428: FutureWarning: You are using `torch.load` with `weights_only=False` (the current default value), which uses the default pickle module implicitly. It is possible to construct malicious pickle data which will execute arbitrary code during unpickling (See https://github.com/pytorch/pytorch/blob/main/SECURITY.md#untrusted-models for more details). In a future release, the default value for `weights_only` will be flipped to `True`. This limits the functions that could be executed during unpickling. Arbitrary objects will no longer be allowed to be loaded via this mode unless they are explicitly allowlisted by the user via `torch.serialization.add_safe_globals`. We recommend you start setting `weights_only=True` for any use case where you don't have full control of the loaded file. Please open an issue on GitHub for any issues related to this experimental feature.
  ckpt = torch.load(checkpoint_path, map_location=device)
[I 2026-06-08 20:21:50,375] Trial 22 finished with value: 0.4313292305696603 and parameters: {'model.dropout': 0.46991929897750284, 'optim.base_lr': 0.0008168668987605686, 'optim.weight_decay': 0.00027323287672206646, 'train.pos_weight': 7.443435546682058}. Best is trial 2 with value: 0.4436956807083184.
/gpfs/home6/ghonkoop/repos/PNA/train.py:428: FutureWarning: You are using `torch.load` with `weights_only=False` (the current default value), which uses the default pickle module implicitly. It is possible to construct malicious pickle data which will execute arbitrary code during unpickling (See https://github.com/pytorch/pytorch/blob/main/SECURITY.md#untrusted-models for more details). In a future release, the default value for `weights_only` will be flipped to `True`. This limits the functions that could be executed during unpickling. Arbitrary objects will no longer be allowed to be loaded via this mode unless they are explicitly allowlisted by the user via `torch.serialization.add_safe_globals`. We recommend you start setting `weights_only=True` for any use case where you don't have full control of the loaded file. Please open an issue on GitHub for any issues related to this experimental feature.
  ckpt = torch.load(checkpoint_path, map_location=device)
[I 2026-06-08 20:24:16,582] Trial 23 finished with value: 0.44154214307572986 and parameters: {'model.dropout': 0.3921434588754658, 'optim.base_lr': 0.0002096889267252295, 'optim.weight_decay': 0.0007642485197278237, 'train.pos_weight': 18.640540634303292}. Best is trial 2 with value: 0.4436956807083184.
/gpfs/home6/ghonkoop/repos/PNA/train.py:428: FutureWarning: You are using `torch.load` with `weights_only=False` (the current default value), which uses the default pickle module implicitly. It is possible to construct malicious pickle data which will execute arbitrary code during unpickling (See https://github.com/pytorch/pytorch/blob/main/SECURITY.md#untrusted-models for more details). In a future release, the default value for `weights_only` will be flipped to `True`. This limits the functions that could be executed during unpickling. Arbitrary objects will no longer be allowed to be loaded via this mode unless they are explicitly allowlisted by the user via `torch.serialization.add_safe_globals`. We recommend you start setting `weights_only=True` for any use case where you don't have full control of the loaded file. Please open an issue on GitHub for any issues related to this experimental feature.
  ckpt = torch.load(checkpoint_path, map_location=device)
[I 2026-06-08 20:26:34,488] Trial 24 finished with value: 0.4419088439909923 and parameters: {'model.dropout': 0.4075267303552114, 'optim.base_lr': 0.00011695245039567212, 'optim.weight_decay': 0.0005045086146116607, 'train.pos_weight': 16.533164427629092}. Best is trial 2 with value: 0.4436956807083184.
