[I 2026-06-08 20:33:03,426] Trial 15 finished with value: 0.5724568066829685 and parameters: {'model.dropout': 0.24443977696509217, 'optim.base_lr': 0.00010408800018246652, 'optim.weight_decay': 0.00046103849857767165, 'train.pos_weight': 2.9047823697940482}. Best is trial 10 with value: 0.5866593964249943.
/gpfs/home6/ghonkoop/repos/PNA/train.py:428: FutureWarning: You are using `torch.load` with `weights_only=False` (the current default value), which uses the default pickle module implicitly. It is possible to construct malicious pickle data which will execute arbitrary code during unpickling (See https://github.com/pytorch/pytorch/blob/main/SECURITY.md#untrusted-models for more details). In a future release, the default value for `weights_only` will be flipped to `True`. This limits the functions that could be executed during unpickling. Arbitrary objects will no longer be allowed to be loaded via this mode unless they are explicitly allowlisted by the user via `torch.serialization.add_safe_globals`. We recommend you start setting `weights_only=True` for any use case where you don't have full control of the loaded file. Please open an issue on GitHub for any issues related to this experimental feature.
  ckpt = torch.load(checkpoint_path, map_location=device)
[I 2026-06-08 20:37:45,031] Trial 16 finished with value: 0.5604432984826521 and parameters: {'model.dropout': 0.31655520620323047, 'optim.base_lr': 0.0006887113652126052, 'optim.weight_decay': 6.158914193264615e-05, 'train.pos_weight': 1.771726202154179}. Best is trial 10 with value: 0.5866593964249943.
/gpfs/home6/ghonkoop/repos/PNA/train.py:428: FutureWarning: You are using `torch.load` with `weights_only=False` (the current default value), which uses the default pickle module implicitly. It is possible to construct malicious pickle data which will execute arbitrary code during unpickling (See https://github.com/pytorch/pytorch/blob/main/SECURITY.md#untrusted-models for more details). In a future release, the default value for `weights_only` will be flipped to `True`. This limits the functions that could be executed during unpickling. Arbitrary objects will no longer be allowed to be loaded via this mode unless they are explicitly allowlisted by the user via `torch.serialization.add_safe_globals`. We recommend you start setting `weights_only=True` for any use case where you don't have full control of the loaded file. Please open an issue on GitHub for any issues related to this experimental feature.
  ckpt = torch.load(checkpoint_path, map_location=device)
[I 2026-06-08 20:41:07,293] Trial 17 finished with value: 0.5639605490546414 and parameters: {'model.dropout': 0.16107172714355902, 'optim.base_lr': 0.0003650060922494616, 'optim.weight_decay': 0.00023181333121525695, 'train.pos_weight': 5.088031958361244}. Best is trial 10 with value: 0.5866593964249943.
/gpfs/home6/ghonkoop/repos/PNA/train.py:428: FutureWarning: You are using `torch.load` with `weights_only=False` (the current default value), which uses the default pickle module implicitly. It is possible to construct malicious pickle data which will execute arbitrary code during unpickling (See https://github.com/pytorch/pytorch/blob/main/SECURITY.md#untrusted-models for more details). In a future release, the default value for `weights_only` will be flipped to `True`. This limits the functions that could be executed during unpickling. Arbitrary objects will no longer be allowed to be loaded via this mode unless they are explicitly allowlisted by the user via `torch.serialization.add_safe_globals`. We recommend you start setting `weights_only=True` for any use case where you don't have full control of the loaded file. Please open an issue on GitHub for any issues related to this experimental feature.
  ckpt = torch.load(checkpoint_path, map_location=device)
[I 2026-06-08 20:47:22,193] Trial 18 finished with value: 0.5693787225304646 and parameters: {'model.dropout': 0.4992282409209591, 'optim.base_lr': 0.001178923491489277, 'optim.weight_decay': 0.0005840326397541104, 'train.pos_weight': 2.2738084254207633}. Best is trial 10 with value: 0.5866593964249943.
/gpfs/home6/ghonkoop/repos/PNA/train.py:428: FutureWarning: You are using `torch.load` with `weights_only=False` (the current default value), which uses the default pickle module implicitly. It is possible to construct malicious pickle data which will execute arbitrary code during unpickling (See https://github.com/pytorch/pytorch/blob/main/SECURITY.md#untrusted-models for more details). In a future release, the default value for `weights_only` will be flipped to `True`. This limits the functions that could be executed during unpickling. Arbitrary objects will no longer be allowed to be loaded via this mode unless they are explicitly allowlisted by the user via `torch.serialization.add_safe_globals`. We recommend you start setting `weights_only=True` for any use case where you don't have full control of the loaded file. Please open an issue on GitHub for any issues related to this experimental feature.
  ckpt = torch.load(checkpoint_path, map_location=device)
[I 2026-06-08 20:51:42,795] Trial 19 finished with value: 0.5763323252978099 and parameters: {'model.dropout': 0.2520661221494673, 'optim.base_lr': 0.0004360219694391382, 'optim.weight_decay': 0.0001642503342926933, 'train.pos_weight': 4.379186481836043}. Best is trial 10 with value: 0.5866593964249943.
/gpfs/home6/ghonkoop/repos/PNA/train.py:428: FutureWarning: You are using `torch.load` with `weights_only=False` (the current default value), which uses the default pickle module implicitly. It is possible to construct malicious pickle data which will execute arbitrary code during unpickling (See https://github.com/pytorch/pytorch/blob/main/SECURITY.md#untrusted-models for more details). In a future release, the default value for `weights_only` will be flipped to `True`. This limits the functions that could be executed during unpickling. Arbitrary objects will no longer be allowed to be loaded via this mode unless they are explicitly allowlisted by the user via `torch.serialization.add_safe_globals`. We recommend you start setting `weights_only=True` for any use case where you don't have full control of the loaded file. Please open an issue on GitHub for any issues related to this experimental feature.
  ckpt = torch.load(checkpoint_path, map_location=device)
[I 2026-06-08 20:56:33,610] Trial 20 finished with value: 0.5550074929135967 and parameters: {'model.dropout': 0.42911800058494065, 'optim.base_lr': 0.00024207386438117315, 'optim.weight_decay': 4.843465752130206e-05, 'train.pos_weight': 8.12238887278912}. Best is trial 10 with value: 0.5866593964249943.
/gpfs/home6/ghonkoop/repos/PNA/train.py:428: FutureWarning: You are using `torch.load` with `weights_only=False` (the current default value), which uses the default pickle module implicitly. It is possible to construct malicious pickle data which will execute arbitrary code during unpickling (See https://github.com/pytorch/pytorch/blob/main/SECURITY.md#untrusted-models for more details). In a future release, the default value for `weights_only` will be flipped to `True`. This limits the functions that could be executed during unpickling. Arbitrary objects will no longer be allowed to be loaded via this mode unless they are explicitly allowlisted by the user via `torch.serialization.add_safe_globals`. We recommend you start setting `weights_only=True` for any use case where you don't have full control of the loaded file. Please open an issue on GitHub for any issues related to this experimental feature.
  ckpt = torch.load(checkpoint_path, map_location=device)
[I 2026-06-08 21:01:27,334] Trial 21 finished with value: 0.5702376012590623 and parameters: {'model.dropout': 0.2487477237296701, 'optim.base_lr': 0.00045219686071671083, 'optim.weight_decay': 0.00016607192763711906, 'train.pos_weight': 4.069173540801}. Best is trial 10 with value: 0.5866593964249943.
/gpfs/home6/ghonkoop/repos/PNA/train.py:428: FutureWarning: You are using `torch.load` with `weights_only=False` (the current default value), which uses the default pickle module implicitly. It is possible to construct malicious pickle data which will execute arbitrary code during unpickling (See https://github.com/pytorch/pytorch/blob/main/SECURITY.md#untrusted-models for more details). In a future release, the default value for `weights_only` will be flipped to `True`. This limits the functions that could be executed during unpickling. Arbitrary objects will no longer be allowed to be loaded via this mode unless they are explicitly allowlisted by the user via `torch.serialization.add_safe_globals`. We recommend you start setting `weights_only=True` for any use case where you don't have full control of the loaded file. Please open an issue on GitHub for any issues related to this experimental feature.
  ckpt = torch.load(checkpoint_path, map_location=device)
[I 2026-06-08 21:06:29,892] Trial 22 finished with value: 0.5600571448874195 and parameters: {'model.dropout': 0.30320135828729733, 'optim.base_lr': 0.00069454716756481, 'optim.weight_decay': 0.0003071827892133177, 'train.pos_weight': 4.488254461146088}. Best is trial 10 with value: 0.5866593964249943.
/gpfs/home6/ghonkoop/repos/PNA/train.py:428: FutureWarning: You are using `torch.load` with `weights_only=False` (the current default value), which uses the default pickle module implicitly. It is possible to construct malicious pickle data which will execute arbitrary code during unpickling (See https://github.com/pytorch/pytorch/blob/main/SECURITY.md#untrusted-models for more details). In a future release, the default value for `weights_only` will be flipped to `True`. This limits the functions that could be executed during unpickling. Arbitrary objects will no longer be allowed to be loaded via this mode unless they are explicitly allowlisted by the user via `torch.serialization.add_safe_globals`. We recommend you start setting `weights_only=True` for any use case where you don't have full control of the loaded file. Please open an issue on GitHub for any issues related to this experimental feature.
  ckpt = torch.load(checkpoint_path, map_location=device)
[I 2026-06-08 21:10:37,444] Trial 23 finished with value: 0.5684278279963122 and parameters: {'model.dropout': 0.1773248553829145, 'optim.base_lr': 0.0004279569445075254, 'optim.weight_decay': 0.0006391855085044322, 'train.pos_weight': 3.236076696947181}. Best is trial 10 with value: 0.5866593964249943.
/gpfs/home6/ghonkoop/repos/PNA/train.py:428: FutureWarning: You are using `torch.load` with `weights_only=False` (the current default value), which uses the default pickle module implicitly. It is possible to construct malicious pickle data which will execute arbitrary code during unpickling (See https://github.com/pytorch/pytorch/blob/main/SECURITY.md#untrusted-models for more details). In a future release, the default value for `weights_only` will be flipped to `True`. This limits the functions that could be executed during unpickling. Arbitrary objects will no longer be allowed to be loaded via this mode unless they are explicitly allowlisted by the user via `torch.serialization.add_safe_globals`. We recommend you start setting `weights_only=True` for any use case where you don't have full control of the loaded file. Please open an issue on GitHub for any issues related to this experimental feature.
  ckpt = torch.load(checkpoint_path, map_location=device)
[I 2026-06-08 21:14:50,272] Trial 24 finished with value: 0.566623813425431 and parameters: {'model.dropout': 0.2511183423111701, 'optim.base_lr': 0.0007070799560358516, 'optim.weight_decay': 0.0001525028593499972, 'train.pos_weight': 5.722743211576838}. Best is trial 10 with value: 0.5866593964249943.
